<?xml version="1.0" encoding="utf-8"?><testsuites><testsuite name="pytest" errors="0" failures="0" skipped="0" tests="3" time="112.554" timestamp="2025-05-22T09:34:58.177959+00:00" hostname="e5a57b201551"><testcase classname="TestFiles.openbmc_auth_test" name="test_case_SUCCESS_LOGIN" time="26.607" /><testcase classname="TestFiles.openbmc_auth_test" name="test_case_FAILED_LOGIN" time="12.876" /><testcase classname="TestFiles.openbmc_auth_test" name="test_case_LOCKED_ACCOUNT" time="70.653" /></testsuite></testsuites>