<?xml version="1.0" encoding="utf-8"?><testsuites><testsuite name="pytest" errors="0" failures="0" skipped="0" tests="3" time="8.940" timestamp="2025-05-22T09:34:46.126221+00:00" hostname="e5a57b201551"><testcase classname="TestFiles.redfish_pytest" name="test_case_SUCCESS_AUTH" time="1.262" /><testcase classname="TestFiles.redfish_pytest" name="test_case_GET_SYSINFO" time="0.374" /><testcase classname="TestFiles.redfish_pytest" name="test_case_POWER_MANAGEMENT" time="6.635" /></testsuite></testsuites>